2019-09-20 15:19:16,975  INFO WebTestContextBootstrapper:319 - Neither @ContextConfiguration nor @ContextHierarchy found for test class [ApplicationTests], using WebDelegatingSmartContextLoader
2019-09-20 15:19:16,985  INFO AbstractContextLoader:264 - Could not detect default resource locations for test class [ApplicationTests]: no resource found for suffixes {-context.xml}.
2019-09-20 15:19:16,986  INFO AnnotationConfigContextLoaderUtils:81 - Could not detect default configuration classes for test class [ApplicationTests]: ApplicationTests does not declare any static, non-private, non-final, nested classes annotated with @Configuration.
2019-09-20 15:19:17,044  INFO WebTestContextBootstrapper:260 - Loaded default TestExecutionListener class names from location [META-INF/spring.factories]: [org.springframework.boot.test.mock.mockito.MockitoTestExecutionListener, org.springframework.boot.test.mock.mockito.ResetMocksTestExecutionListener, org.springframework.boot.test.autoconfigure.restdocs.RestDocsTestExecutionListener, org.springframework.boot.test.autoconfigure.web.client.MockRestServiceServerResetTestExecutionListener, org.springframework.boot.test.autoconfigure.web.servlet.MockMvcPrintOnlyOnFailureTestExecutionListener, org.springframework.boot.test.autoconfigure.web.servlet.WebDriverTestExecutionListener, org.springframework.test.context.web.ServletTestExecutionListener, org.springframework.test.context.support.DirtiesContextBeforeModesTestExecutionListener, org.springframework.test.context.support.DependencyInjectionTestExecutionListener, org.springframework.test.context.support.DirtiesContextTestExecutionListener, org.springframework.test.context.transaction.TransactionalTestExecutionListener, org.springframework.test.context.jdbc.SqlScriptsTestExecutionListener]
2019-09-20 15:19:17,066  INFO WebTestContextBootstrapper:187 - Using TestExecutionListeners: [org.springframework.test.context.web.ServletTestExecutionListener@43a0cee9, org.springframework.test.context.support.DirtiesContextBeforeModesTestExecutionListener@eb21112, org.springframework.test.context.support.DependencyInjectionTestExecutionListener@2eda0940, org.springframework.test.context.support.DirtiesContextTestExecutionListener@3578436e, org.springframework.test.context.transaction.TransactionalTestExecutionListener@706a04ae, org.springframework.test.context.jdbc.SqlScriptsTestExecutionListener@6eceb130, org.springframework.boot.test.autoconfigure.web.client.MockRestServiceServerResetTestExecutionListener@10a035a0, org.springframework.boot.test.autoconfigure.web.servlet.MockMvcPrintOnlyOnFailureTestExecutionListener@67b467e9, org.springframework.boot.test.autoconfigure.restdocs.RestDocsTestExecutionListener@47db50c5, org.springframework.boot.test.mock.mockito.ResetMocksTestExecutionListener@5c072e3f, org.springframework.boot.test.mock.mockito.MockitoTestExecutionListener@4d1b0d2a, org.springframework.boot.test.autoconfigure.web.servlet.WebDriverTestExecutionListener@954b04f]
2019-09-20 15:19:17,229  INFO GenericWebApplicationContext:583 - Refreshing org.springframework.web.context.support.GenericWebApplicationContext@1188e820: startup date [Fri Sep 20 15:19:17 CST 2019]; root of context hierarchy
2019-09-20 15:19:17,447  INFO AutowiredAnnotationBeanPostProcessor:155 - JSR-330 'javax.inject.Inject' annotation found and supported for autowiring
2019-09-20 15:19:17,713  INFO ApplicationTests:15 - 输出info
2019-09-20 15:19:17,714 ERROR ApplicationTests:17 - 输出error
2019-09-20 15:19:17,720  INFO GenericWebApplicationContext:984 - Closing org.springframework.web.context.support.GenericWebApplicationContext@1188e820: startup date [Fri Sep 20 15:19:17 CST 2019]; root of context hierarchy
2019-09-20 15:24:09,212  INFO WebTestContextBootstrapper:319 - Neither @ContextConfiguration nor @ContextHierarchy found for test class [ApplicationTests], using WebDelegatingSmartContextLoader
2019-09-20 15:24:09,220  INFO AbstractContextLoader:264 - Could not detect default resource locations for test class [ApplicationTests]: no resource found for suffixes {-context.xml}.
2019-09-20 15:24:09,221  INFO AnnotationConfigContextLoaderUtils:81 - Could not detect default configuration classes for test class [ApplicationTests]: ApplicationTests does not declare any static, non-private, non-final, nested classes annotated with @Configuration.
2019-09-20 15:24:09,263  INFO WebTestContextBootstrapper:260 - Loaded default TestExecutionListener class names from location [META-INF/spring.factories]: [org.springframework.boot.test.mock.mockito.MockitoTestExecutionListener, org.springframework.boot.test.mock.mockito.ResetMocksTestExecutionListener, org.springframework.boot.test.autoconfigure.restdocs.RestDocsTestExecutionListener, org.springframework.boot.test.autoconfigure.web.client.MockRestServiceServerResetTestExecutionListener, org.springframework.boot.test.autoconfigure.web.servlet.MockMvcPrintOnlyOnFailureTestExecutionListener, org.springframework.boot.test.autoconfigure.web.servlet.WebDriverTestExecutionListener, org.springframework.test.context.web.ServletTestExecutionListener, org.springframework.test.context.support.DirtiesContextBeforeModesTestExecutionListener, org.springframework.test.context.support.DependencyInjectionTestExecutionListener, org.springframework.test.context.support.DirtiesContextTestExecutionListener, org.springframework.test.context.transaction.TransactionalTestExecutionListener, org.springframework.test.context.jdbc.SqlScriptsTestExecutionListener]
2019-09-20 15:24:09,286  INFO WebTestContextBootstrapper:187 - Using TestExecutionListeners: [org.springframework.test.context.web.ServletTestExecutionListener@43a0cee9, org.springframework.test.context.support.DirtiesContextBeforeModesTestExecutionListener@eb21112, org.springframework.test.context.support.DependencyInjectionTestExecutionListener@2eda0940, org.springframework.test.context.support.DirtiesContextTestExecutionListener@3578436e, org.springframework.test.context.transaction.TransactionalTestExecutionListener@706a04ae, org.springframework.test.context.jdbc.SqlScriptsTestExecutionListener@6eceb130, org.springframework.boot.test.autoconfigure.web.client.MockRestServiceServerResetTestExecutionListener@10a035a0, org.springframework.boot.test.autoconfigure.web.servlet.MockMvcPrintOnlyOnFailureTestExecutionListener@67b467e9, org.springframework.boot.test.autoconfigure.restdocs.RestDocsTestExecutionListener@47db50c5, org.springframework.boot.test.mock.mockito.ResetMocksTestExecutionListener@5c072e3f, org.springframework.boot.test.mock.mockito.MockitoTestExecutionListener@4d1b0d2a, org.springframework.boot.test.autoconfigure.web.servlet.WebDriverTestExecutionListener@954b04f]
2019-09-20 15:24:09,406  INFO GenericWebApplicationContext:583 - Refreshing org.springframework.web.context.support.GenericWebApplicationContext@1188e820: startup date [Fri Sep 20 15:24:09 CST 2019]; root of context hierarchy
2019-09-20 15:24:09,627  INFO AutowiredAnnotationBeanPostProcessor:155 - JSR-330 'javax.inject.Inject' annotation found and supported for autowiring
2019-09-20 15:24:09,919  INFO ApplicationTests:15 - 输出info
2019-09-20 15:24:09,919 ERROR ApplicationTests:17 - 输出error
2019-09-20 15:24:09,927  INFO GenericWebApplicationContext:984 - Closing org.springframework.web.context.support.GenericWebApplicationContext@1188e820: startup date [Fri Sep 20 15:24:09 CST 2019]; root of context hierarchy
2019-09-20 15:27:53,690  INFO ApplicationTests:15 - 输出info
2019-09-20 15:27:53,692 ERROR ApplicationTests:17 - 输出error
2019-09-20 15:28:10,664  INFO ApplicationTests:15 - 输出info
2019-09-20 15:28:10,667 ERROR ApplicationTests:17 - 输出error
2019-09-20 15:28:46,672  INFO ApplicationTests:15 - 输出info2222222222222222222
2019-09-20 15:28:46,674 ERROR ApplicationTests:17 - 输出error2222222222222222
2019-09-20 15:38:00,190  INFO ApplicationTests:15 - 输出info2222222222222222222
2019-09-20 15:38:00,195 ERROR ApplicationTests:17 - 输出error2222222222222222
